app/build/outputs/logs/manifest-merger-debug-report.txt
-- Merging decision tree log ---
manifest
ADDED from src\main\AndroidManifest.xml:2:1-74:12
	package
		ADDED from src\main\AndroidManifest.xml:3:5-25
		INJECTED from src\main\AndroidManifest.xml
		INJECTED from src\main\AndroidManifest.xml
	android:versionName
		ADDED from src\main\AndroidManifest.xml:5:5-30
		INJECTED from src\main\AndroidManifest.xml
		INJECTED from src\main\AndroidManifest.xml
	android:versionCode
		ADDED from src\main\AndroidManifest.xml:4:5-28
		INJECTED from src\main\AndroidManifest.xml
		INJECTED from src\main\AndroidManifest.xml
	xmlns:android
		ADDED from src\main\AndroidManifest.xml:2:11-69
uses-sdk
ADDED from src\main\AndroidManifest.xml:7:5-9:41
	android:targetSdkVersion
		ADDED from src\main\AndroidManifest.xml:9:9-38
		INJECTED from src\main\AndroidManifest.xml
		INJECTED from src\main\AndroidManifest.xml
	android:minSdkVersion
		ADDED from src\main\AndroidManifest.xml:8:9-35
		INJECTED from src\main\AndroidManifest.xml
		INJECTED from src\main\AndroidManifest.xml
uses-permission#android.permission.INTERNET
ADDED from src\main\AndroidManifest.xml:11:5-67
	android:name
		ADDED from src\main\AndroidManifest.xml:11:22-64
application
ADDED from src\main\AndroidManifest.xml:13:5-72:19
	android:label
		ADDED from src\main\AndroidManifest.xml:16:9-41
	android:allowBackup
		ADDED from src\main\AndroidManifest.xml:14:9-35
	android:icon
		ADDED from src\main\AndroidManifest.xml:15:9-50
	android:theme
		ADDED from src\main\AndroidManifest.xml:17:9-70
activity#vandy.mooc.view.DownloadWeatherActivity
ADDED from src\main\AndroidManifest.xml:19:9-26:20
	android:label
		ADDED from src\main\AndroidManifest.xml:21:13-45
	android:name
		ADDED from src\main\AndroidManifest.xml:20:13-57
intent-filter#android.intent.action.MAIN+android.intent.category.LAUNCHER
ADDED from src\main\AndroidManifest.xml:22:13-25:29
action#android.intent.action.MAIN
ADDED from src\main\AndroidManifest.xml:23:17-69
	android:name
		ADDED from src\main\AndroidManifest.xml:23:25-66
category#android.intent.category.LAUNCHER
ADDED from src\main\AndroidManifest.xml:24:17-77
	android:name
		ADDED from src\main\AndroidManifest.xml:24:27-74
activity#vandy.mooc.view.DisplayWeatherActivity
ADDED from src\main\AndroidManifest.xml:28:9-36:20
	android:label
		ADDED from src\main\AndroidManifest.xml:30:13-45
	android:name
		ADDED from src\main\AndroidManifest.xml:29:13-56
intent-filter#android.intent.category.DEFAULT+vandy.mooc.intent.action.DISPLAY_WEATHER
ADDED from src\main\AndroidManifest.xml:31:13-35:29
action#vandy.mooc.intent.action.DISPLAY_WEATHER
ADDED from src\main\AndroidManifest.xml:32:17-83
	android:name
		ADDED from src\main\AndroidManifest.xml:32:25-80
category#android.intent.category.DEFAULT
ADDED from src\main\AndroidManifest.xml:33:17-76
	android:name
		ADDED from src\main\AndroidManifest.xml:33:27-73
data
ADDED from src\main\AndroidManifest.xml:34:17-63
	android:mimeType
		ADDED from src\main\AndroidManifest.xml:34:23-60
service#vandy.mooc.model.services.WeatherServiceAsync
ADDED from src\main\AndroidManifest.xml:38:9-40:44
	android:process
		ADDED from src\main\AndroidManifest.xml:40:13-42
	android:name
		ADDED from src\main\AndroidManifest.xml:39:13-63
service#vandy.mooc.model.services.WeatherServiceSync
ADDED from src\main\AndroidManifest.xml:42:9-44:44
	android:process
		ADDED from src\main\AndroidManifest.xml:44:13-42
	android:name
		ADDED from src\main\AndroidManifest.xml:43:13-62
receiver#vandy.mooc.widget.WeatherWidgetProvider
ADDED from src\main\AndroidManifest.xml:48:9-60:20
	android:label
		ADDED from src\main\AndroidManifest.xml:50:13-36
	android:icon
		ADDED from src\main\AndroidManifest.xml:49:13-54
	android:name
		ADDED from src\main\AndroidManifest.xml:51:13-57
intent-filter#android.appwidget.action.APPWIDGET_UPDATE
ADDED from src\main\AndroidManifest.xml:53:13-55:29
action#android.appwidget.action.APPWIDGET_UPDATE
ADDED from src\main\AndroidManifest.xml:54:17-83
	android:name
		ADDED from src\main\AndroidManifest.xml:54:25-81
meta-data#android.appwidget.provider
ADDED from src\main\AndroidManifest.xml:57:13-59:54
	android:resource
		ADDED from src\main\AndroidManifest.xml:59:17-52
	android:name
		ADDED from src\main\AndroidManifest.xml:58:17-58
service#vandy.mooc.widget.WidgetUpdateService
ADDED from src\main\AndroidManifest.xml:62:9-64:48
	android:process
		ADDED from src\main\AndroidManifest.xml:64:13-46
	android:name
		ADDED from src\main\AndroidManifest.xml:63:13-55
activity#vandy.mooc.widget.WidgetConfigureActivity
ADDED from src\main\AndroidManifest.xml:66:9-70:20
	android:name
		ADDED from src\main\AndroidManifest.xml:66:19-65
intent-filter#android.appwidget.action.APPWIDGET_CONFIGURE
ADDED from src\main\AndroidManifest.xml:67:13-69:29
action#android.appwidget.action.APPWIDGET_CONFIGURE
ADDED from src\main\AndroidManifest.xml:68:17-86
	android:name
		ADDED from src\main\AndroidManifest.xml:68:25-84